Hmm ... looks like a package
This is pdfTeX, Version 3.14159265-2.6-1.40.16 (TeX Live 2015/Debian) (preloaded format=pdflatex)
 restricted \write18 enabled.
entering extended mode
(./Rd2.tex
LaTeX2e <2016/02/01>
Babel <3.9q> and hyphenation patterns for 5 language(s) loaded.

(/usr/share/texlive/texmf-dist/tex/latex/base/book.cls
Document Class: book 2014/09/29 v1.4h Standard LaTeX document class
(/usr/share/texlive/texmf-dist/tex/latex/base/bk10.clo))
(/usr/share/R/share/texmf/tex/latex/Rd.sty
(/usr/share/texlive/texmf-dist/tex/latex/base/ifthen.sty)
(/usr/share/texlive/texmf-dist/tex/latex/tools/longtable.sty)
(/usr/share/texlive/texmf-dist/tex/latex/tools/bm.sty)
(/usr/share/texlive/texmf-dist/tex/latex/base/alltt.sty)
(/usr/share/texlive/texmf-dist/tex/latex/tools/verbatim.sty)
(/usr/share/texlive/texmf-dist/tex/latex/url/url.sty)
(/usr/share/texlive/texmf-dist/tex/latex/base/textcomp.sty
(/usr/share/texlive/texmf-dist/tex/latex/base/ts1enc.def))
(/usr/share/texlive/texmf-dist/tex/latex/base/fontenc.sty
(/usr/share/texlive/texmf-dist/tex/latex/base/t1enc.def))
(/usr/share/texlive/texmf-dist/tex/latex/psnfss/times.sty))
(/usr/share/texlive/texmf-dist/tex/latex/base/inputenc.sty
(/usr/share/texlive/texmf-dist/tex/latex/base/utf8.def
(/usr/share/texlive/texmf-dist/tex/latex/base/t1enc.dfu)
(/usr/share/texlive/texmf-dist/tex/latex/base/ot1enc.dfu)
(/usr/share/texlive/texmf-dist/tex/latex/base/omsenc.dfu)
(/usr/share/texlive/texmf-dist/tex/latex/base/ts1enc.dfu))
(/usr/share/texlive/texmf-dist/tex/latex/base/latin1.def))
No file Rd2.aux.
(/usr/share/texlive/texmf-dist/tex/latex/base/ts1cmr.fd)
(/usr/share/texlive/texmf-dist/tex/latex/psnfss/t1ptm.fd)
(/usr/share/texlive/texmf-dist/tex/latex/psnfss/t1pcr.fd)
(/usr/share/texlive/texmf-dist/tex/latex/psnfss/ts1ptm.fd) [1{/var/lib/texmf/fo
nts/map/pdftex/updmap/pdftex.map}]
(/usr/share/texlive/texmf-dist/tex/latex/psnfss/t1phv.fd)
No file Rd2.toc.
(/usr/share/texlive/texmf-dist/tex/latex/base/utf8.def)
(/usr/share/texlive/texmf-dist/tex/latex/base/utf8.def)
(/usr/share/texlive/texmf-dist/tex/latex/psnfss/ts1pcr.fd) [2]
Overfull \hbox (17.94914pt too wide) in paragraph at lines 129--132
[]$\T1/pcr/m/n/10 https : / / github . com / opencb / cellbase / wiki$ \T1/ptm/
m/n/10 and the REST-ful API doc-u-men-ta-tion $\T1/pcr/m/n/10 http :
(/usr/share/texlive/texmf-dist/tex/latex/base/utf8.def)
Overfull \hbox (36.78088pt too wide) in paragraph at lines 154--154
 []  \T1/pcr/m/n/10 phenotype = character(), include = character(), exclude = c
haracter(),[] 

Overfull \hbox (4.73822pt too wide) in paragraph at lines 161--163
[]\T1/ptm/m/n/10 A char-ac-ter de-not-ing the genome build to query,eg, GRCh37 
(de-fault),or GRCh38 
[3]
Overfull \hbox (17.94914pt too wide) in paragraph at lines 188--191
[]$\T1/pcr/m/n/10 https : / / github . com / opencb / cellbase / wiki$ \T1/ptm/
m/n/10 and the REST-ful API doc-u-men-ta-tion $\T1/pcr/m/n/10 http :
(/usr/share/texlive/texmf-dist/tex/latex/base/utf8.def) [4]
Overfull \hbox (17.94914pt too wide) in paragraph at lines 240--243
[]$\T1/pcr/m/n/10 https : / / github . com / opencb / cellbase / wiki$ \T1/ptm/
m/n/10 and the REST-ful API doc-u-men-ta-tion $\T1/pcr/m/n/10 http :
(/usr/share/texlive/texmf-dist/tex/latex/base/utf8.def)
Overfull \hbox (54.78088pt too wide) in paragraph at lines 253--253
 []\T1/pcr/m/n/10 CellBaseR(host = "http://bioinfo.hpc.cam.ac.uk/cellbase/webse
rvices/rest/",[] 

Overfull \hbox (150.9445pt too wide) in paragraph at lines 261--263
[]\T1/ptm/m/n/10 A char-ac-ter the de-fault host url for cell-base web-ser-vice
s, e.g. "http://bioinfo.hpc.cam.ac.uk/cellbase/webservices/rest/" 
[5]
Overfull \hbox (17.94914pt too wide) in paragraph at lines 292--295
[]$\T1/pcr/m/n/10 https : / / github . com / opencb / cellbase / wiki$ \T1/ptm/
m/n/10 and the REST-ful API doc-u-men-ta-tion $\T1/pcr/m/n/10 http :
(/usr/share/texlive/texmf-dist/tex/latex/base/utf8.def)
Overfull \hbox (30.77583pt too wide) in paragraph at lines 321--323
[]\T1/ptm/m/n/10 a char-ac-ter spec-i-fy-ing the host url. De-fault "http://bio
info.hpc.cam.ac.uk/cellbase/webservices/rest/" 

Overfull \hbox (17.94914pt too wide) in paragraph at lines 340--343
[]$\T1/pcr/m/n/10 https : / / github . com / opencb / cellbase / wiki$ \T1/ptm/
m/n/10 and the REST-ful API doc-u-men-ta-tion $\T1/pcr/m/n/10 http :
(/usr/share/texlive/texmf-dist/tex/latex/base/utf8.def) [6]
Overfull \hbox (17.94914pt too wide) in paragraph at lines 376--379
[]$\T1/pcr/m/n/10 https : / / github . com / opencb / cellbase / wiki$ \T1/ptm/
m/n/10 and the REST-ful API doc-u-men-ta-tion $\T1/pcr/m/n/10 http :
(/usr/share/texlive/texmf-dist/tex/latex/base/utf8.def) [7]
(/usr/share/texlive/texmf-dist/tex/latex/base/utf8.def)
Overfull \hbox (17.94914pt too wide) in paragraph at lines 464--467
[]$\T1/pcr/m/n/10 https : / / github . com / opencb / cellbase / wiki$ \T1/ptm/
m/n/10 and the REST-ful API doc-u-men-ta-tion $\T1/pcr/m/n/10 http :
[8] (/usr/share/texlive/texmf-dist/tex/latex/base/utf8.def)
(/usr/share/texlive/texmf-dist/tex/latex/base/utf8.def) [9]
Overfull \hbox (17.94914pt too wide) in paragraph at lines 558--561
[]$\T1/pcr/m/n/10 https : / / github . com / opencb / cellbase / wiki$ \T1/ptm/
m/n/10 and the REST-ful API doc-u-men-ta-tion $\T1/pcr/m/n/10 http :
(/usr/share/texlive/texmf-dist/tex/latex/base/utf8.def) [10]
Overfull \hbox (17.94914pt too wide) in paragraph at lines 605--608
[]$\T1/pcr/m/n/10 https : / / github . com / opencb / cellbase / wiki$ \T1/ptm/
m/n/10 and the REST-ful API doc-u-men-ta-tion $\T1/pcr/m/n/10 http :
(/usr/share/texlive/texmf-dist/tex/latex/base/utf8.def) [11]
(/usr/share/texlive/texmf-dist/tex/latex/base/utf8.def) [12]
(/usr/share/texlive/texmf-dist/tex/latex/base/utf8.def)
(/usr/share/texlive/texmf-dist/tex/latex/base/utf8.def) [13]
Overfull \hbox (17.94914pt too wide) in paragraph at lines 754--757
[]$\T1/pcr/m/n/10 https : / / github . com / opencb / cellbase / wiki$ \T1/ptm/
m/n/10 and the REST-ful API doc-u-men-ta-tion $\T1/pcr/m/n/10 http :
(/usr/share/texlive/texmf-dist/tex/latex/base/utf8.def) [14]
(/usr/share/texlive/texmf-dist/tex/latex/base/utf8.def) [15]
Overfull \hbox (17.94914pt too wide) in paragraph at lines 833--836
[]$\T1/pcr/m/n/10 https : / / github . com / opencb / cellbase / wiki$ \T1/ptm/
m/n/10 and the REST-ful API doc-u-men-ta-tion $\T1/pcr/m/n/10 http :
(/usr/share/texlive/texmf-dist/tex/latex/base/utf8.def) [16]
(/usr/share/texlive/texmf-dist/tex/latex/base/utf8.def)
(/usr/share/texlive/texmf-dist/tex/latex/base/utf8.def)
Overfull \hbox (5.06892pt too wide) in paragraph at lines 942--945
[]\T1/ptm/m/n/10 a char-ac-ter vec-tor of the re-gions to be queried, for ex-am
-ple, "1:1000000-1200000'
[17]
Overfull \hbox (17.94914pt too wide) in paragraph at lines 963--966
[]$\T1/pcr/m/n/10 https : / / github . com / opencb / cellbase / wiki$ \T1/ptm/
m/n/10 and the REST-ful API doc-u-men-ta-tion $\T1/pcr/m/n/10 http :
(/usr/share/texlive/texmf-dist/tex/latex/base/utf8.def) [18]
(/usr/share/texlive/texmf-dist/tex/latex/base/utf8.def)
Overfull \hbox (17.94914pt too wide) in paragraph at lines 1049--1052
[]$\T1/pcr/m/n/10 https : / / github . com / opencb / cellbase / wiki$ \T1/ptm/
m/n/10 and the REST-ful API doc-u-men-ta-tion $\T1/pcr/m/n/10 http :
(/usr/share/texlive/texmf-dist/tex/latex/base/utf8.def) [19]
(/usr/share/texlive/texmf-dist/tex/latex/base/utf8.def) [20]
Overfull \hbox (17.94914pt too wide) in paragraph at lines 1135--1138
[]$\T1/pcr/m/n/10 https : / / github . com / opencb / cellbase / wiki$ \T1/ptm/
m/n/10 and the REST-ful API doc-u-men-ta-tion $\T1/pcr/m/n/10 http :
(/usr/share/texlive/texmf-dist/tex/latex/base/utf8.def)
(/usr/share/texlive/texmf-dist/tex/latex/base/utf8.def) [21]
Overfull \hbox (17.94914pt too wide) in paragraph at lines 1219--1222
[]$\T1/pcr/m/n/10 https : / / github . com / opencb / cellbase / wiki$ \T1/ptm/
m/n/10 and the REST-ful API doc-u-men-ta-tion $\T1/pcr/m/n/10 http :

Overfull \hbox (4.38043pt too wide) in paragraph at lines 1227--1227
 []   \T1/pcr/m/n/9 res <- getTranscript(object=cb, ids="ENST00000373644", reso
urce="info")[] 
(/usr/share/texlive/texmf-dist/tex/latex/base/utf8.def) [22]
(/usr/share/texlive/texmf-dist/tex/latex/base/utf8.def) [23]
Overfull \hbox (17.94914pt too wide) in paragraph at lines 1306--1309
[]$\T1/pcr/m/n/10 https : / / github . com / opencb / cellbase / wiki$ \T1/ptm/
m/n/10 and the REST-ful API doc-u-men-ta-tion $\T1/pcr/m/n/10 http :

Overfull \hbox (20.58041pt too wide) in paragraph at lines 1314--1314
 []   \T1/pcr/m/n/9 res <- getVariant(object=cb, ids="19:45411941:T:C", resourc
e="annotation")[] 
(/usr/share/texlive/texmf-dist/tex/latex/base/utf8.def)
(/usr/share/texlive/texmf-dist/tex/latex/base/utf8.def) [24]
Overfull \hbox (17.94914pt too wide) in paragraph at lines 1392--1395
[]$\T1/pcr/m/n/10 https : / / github . com / opencb / cellbase / wiki$ \T1/ptm/
m/n/10 and the REST-ful API doc-u-men-ta-tion $\T1/pcr/m/n/10 http :
[25] (./Rd2.aux) )
(see the transcript file for additional information){/usr/share/texlive/texmf-d
ist/fonts/enc/dvips/base/8r.enc}</usr/share/texlive/texmf-dist/fonts/type1/urw/
courier/ucrr8a.pfb></usr/share/texlive/texmf-dist/fonts/type1/urw/helvetic/uhvr
8a.pfb></usr/share/texlive/texmf-dist/fonts/type1/urw/times/utmb8a.pfb></usr/sh
are/texlive/texmf-dist/fonts/type1/urw/times/utmr8a.pfb></usr/share/texlive/tex
mf-dist/fonts/type1/urw/times/utmr8a.pfb></usr/share/texlive/texmf-dist/fonts/t
ype1/urw/times/utmri8a.pfb>
Output written on Rd2.pdf (25 pages, 103251 bytes).
Transcript written on Rd2.log.
This is pdfTeX, Version 3.14159265-2.6-1.40.16 (TeX Live 2015/Debian) (preloaded format=pdflatex)
 restricted \write18 enabled.
entering extended mode
(./Rd2.tex
LaTeX2e <2016/02/01>
Babel <3.9q> and hyphenation patterns for 5 language(s) loaded.

(/usr/share/texlive/texmf-dist/tex/latex/base/book.cls
Document Class: book 2014/09/29 v1.4h Standard LaTeX document class
(/usr/share/texlive/texmf-dist/tex/latex/base/bk10.clo))
(/usr/share/R/share/texmf/tex/latex/Rd.sty
(/usr/share/texlive/texmf-dist/tex/latex/base/ifthen.sty)
(/usr/share/texlive/texmf-dist/tex/latex/tools/longtable.sty)
(/usr/share/texlive/texmf-dist/tex/latex/tools/bm.sty)
(/usr/share/texlive/texmf-dist/tex/latex/base/alltt.sty)
(/usr/share/texlive/texmf-dist/tex/latex/tools/verbatim.sty)
(/usr/share/texlive/texmf-dist/tex/latex/url/url.sty)
(/usr/share/texlive/texmf-dist/tex/latex/base/textcomp.sty
(/usr/share/texlive/texmf-dist/tex/latex/base/ts1enc.def))
(/usr/share/texlive/texmf-dist/tex/latex/base/fontenc.sty
(/usr/share/texlive/texmf-dist/tex/latex/base/t1enc.def))
(/usr/share/texlive/texmf-dist/tex/latex/psnfss/times.sty))
(/usr/share/texlive/texmf-dist/tex/latex/base/inputenc.sty
(/usr/share/texlive/texmf-dist/tex/latex/base/utf8.def
(/usr/share/texlive/texmf-dist/tex/latex/base/t1enc.dfu)
(/usr/share/texlive/texmf-dist/tex/latex/base/ot1enc.dfu)
(/usr/share/texlive/texmf-dist/tex/latex/base/omsenc.dfu)
(/usr/share/texlive/texmf-dist/tex/latex/base/ts1enc.dfu))
(/usr/share/texlive/texmf-dist/tex/latex/base/latin1.def)) (./Rd2.aux)
(/usr/share/texlive/texmf-dist/tex/latex/base/ts1cmr.fd)
(/usr/share/texlive/texmf-dist/tex/latex/psnfss/t1ptm.fd)
(/usr/share/texlive/texmf-dist/tex/latex/psnfss/t1pcr.fd)
(/usr/share/texlive/texmf-dist/tex/latex/psnfss/ts1ptm.fd) [1{/var/lib/texmf/fo
nts/map/pdftex/updmap/pdftex.map}]
(/usr/share/texlive/texmf-dist/tex/latex/psnfss/t1phv.fd) (./Rd2.toc)
(/usr/share/texlive/texmf-dist/tex/latex/base/utf8.def) [2]
(/usr/share/texlive/texmf-dist/tex/latex/base/utf8.def)
(/usr/share/texlive/texmf-dist/tex/latex/psnfss/ts1pcr.fd)
Overfull \hbox (17.94914pt too wide) in paragraph at lines 129--132
[]$\T1/pcr/m/n/10 https : / / github . com / opencb / cellbase / wiki$ \T1/ptm/
m/n/10 and the REST-ful API doc-u-men-ta-tion $\T1/pcr/m/n/10 http :
[3] (/usr/share/texlive/texmf-dist/tex/latex/base/utf8.def)
Overfull \hbox (36.78088pt too wide) in paragraph at lines 154--154
 []  \T1/pcr/m/n/10 phenotype = character(), include = character(), exclude = c
haracter(),[] 

Overfull \hbox (4.73822pt too wide) in paragraph at lines 161--163
[]\T1/ptm/m/n/10 A char-ac-ter de-not-ing the genome build to query,eg, GRCh37 
(de-fault),or GRCh38 

Overfull \hbox (17.94914pt too wide) in paragraph at lines 188--191
[]$\T1/pcr/m/n/10 https : / / github . com / opencb / cellbase / wiki$ \T1/ptm/
m/n/10 and the REST-ful API doc-u-men-ta-tion $\T1/pcr/m/n/10 http :
[4] (/usr/share/texlive/texmf-dist/tex/latex/base/utf8.def)
Overfull \hbox (17.94914pt too wide) in paragraph at lines 240--243
[]$\T1/pcr/m/n/10 https : / / github . com / opencb / cellbase / wiki$ \T1/ptm/
m/n/10 and the REST-ful API doc-u-men-ta-tion $\T1/pcr/m/n/10 http :
(/usr/share/texlive/texmf-dist/tex/latex/base/utf8.def)
Overfull \hbox (54.78088pt too wide) in paragraph at lines 253--253
 []\T1/pcr/m/n/10 CellBaseR(host = "http://bioinfo.hpc.cam.ac.uk/cellbase/webse
rvices/rest/",[] 
[5]
Overfull \hbox (150.9445pt too wide) in paragraph at lines 261--263
[]\T1/ptm/m/n/10 A char-ac-ter the de-fault host url for cell-base web-ser-vice
s, e.g. "http://bioinfo.hpc.cam.ac.uk/cellbase/webservices/rest/" 

Overfull \hbox (17.94914pt too wide) in paragraph at lines 292--295
[]$\T1/pcr/m/n/10 https : / / github . com / opencb / cellbase / wiki$ \T1/ptm/
m/n/10 and the REST-ful API doc-u-men-ta-tion $\T1/pcr/m/n/10 http :
(/usr/share/texlive/texmf-dist/tex/latex/base/utf8.def) [6]
Overfull \hbox (30.77583pt too wide) in paragraph at lines 321--323
[]\T1/ptm/m/n/10 a char-ac-ter spec-i-fy-ing the host url. De-fault "http://bio
info.hpc.cam.ac.uk/cellbase/webservices/rest/" 

Overfull \hbox (17.94914pt too wide) in paragraph at lines 340--343
[]$\T1/pcr/m/n/10 https : / / github . com / opencb / cellbase / wiki$ \T1/ptm/
m/n/10 and the REST-ful API doc-u-men-ta-tion $\T1/pcr/m/n/10 http :
(/usr/share/texlive/texmf-dist/tex/latex/base/utf8.def) [7]
Overfull \hbox (17.94914pt too wide) in paragraph at lines 376--379
[]$\T1/pcr/m/n/10 https : / / github . com / opencb / cellbase / wiki$ \T1/ptm/
m/n/10 and the REST-ful API doc-u-men-ta-tion $\T1/pcr/m/n/10 http :
(/usr/share/texlive/texmf-dist/tex/latex/base/utf8.def)
(/usr/share/texlive/texmf-dist/tex/latex/base/utf8.def) [8]
Overfull \hbox (17.94914pt too wide) in paragraph at lines 464--467
[]$\T1/pcr/m/n/10 https : / / github . com / opencb / cellbase / wiki$ \T1/ptm/
m/n/10 and the REST-ful API doc-u-men-ta-tion $\T1/pcr/m/n/10 http :
(/usr/share/texlive/texmf-dist/tex/latex/base/utf8.def) [9]
(/usr/share/texlive/texmf-dist/tex/latex/base/utf8.def) [10]
Overfull \hbox (17.94914pt too wide) in paragraph at lines 558--561
[]$\T1/pcr/m/n/10 https : / / github . com / opencb / cellbase / wiki$ \T1/ptm/
m/n/10 and the REST-ful API doc-u-men-ta-tion $\T1/pcr/m/n/10 http :
(/usr/share/texlive/texmf-dist/tex/latex/base/utf8.def) [11]
Overfull \hbox (17.94914pt too wide) in paragraph at lines 605--608
[]$\T1/pcr/m/n/10 https : / / github . com / opencb / cellbase / wiki$ \T1/ptm/
m/n/10 and the REST-ful API doc-u-men-ta-tion $\T1/pcr/m/n/10 http :
(/usr/share/texlive/texmf-dist/tex/latex/base/utf8.def)
(/usr/share/texlive/texmf-dist/tex/latex/base/utf8.def) [12]
(/usr/share/texlive/texmf-dist/tex/latex/base/utf8.def) [13]
(/usr/share/texlive/texmf-dist/tex/latex/base/utf8.def)
Overfull \hbox (17.94914pt too wide) in paragraph at lines 754--757
[]$\T1/pcr/m/n/10 https : / / github . com / opencb / cellbase / wiki$ \T1/ptm/
m/n/10 and the REST-ful API doc-u-men-ta-tion $\T1/pcr/m/n/10 http :
(/usr/share/texlive/texmf-dist/tex/latex/base/utf8.def) [14]
(/usr/share/texlive/texmf-dist/tex/latex/base/utf8.def) [15]
Overfull \hbox (17.94914pt too wide) in paragraph at lines 833--836
[]$\T1/pcr/m/n/10 https : / / github . com / opencb / cellbase / wiki$ \T1/ptm/
m/n/10 and the REST-ful API doc-u-men-ta-tion $\T1/pcr/m/n/10 http :
(/usr/share/texlive/texmf-dist/tex/latex/base/utf8.def) [16]
(/usr/share/texlive/texmf-dist/tex/latex/base/utf8.def)
(/usr/share/texlive/texmf-dist/tex/latex/base/utf8.def)
Overfull \hbox (5.06892pt too wide) in paragraph at lines 942--945
[]\T1/ptm/m/n/10 a char-ac-ter vec-tor of the re-gions to be queried, for ex-am
-ple, "1:1000000-1200000'
[17]
Overfull \hbox (17.94914pt too wide) in paragraph at lines 963--966
[]$\T1/pcr/m/n/10 https : / / github . com / opencb / cellbase / wiki$ \T1/ptm/
m/n/10 and the REST-ful API doc-u-men-ta-tion $\T1/pcr/m/n/10 http :
(/usr/share/texlive/texmf-dist/tex/latex/base/utf8.def) [18]
(/usr/share/texlive/texmf-dist/tex/latex/base/utf8.def)
Overfull \hbox (17.94914pt too wide) in paragraph at lines 1049--1052
[]$\T1/pcr/m/n/10 https : / / github . com / opencb / cellbase / wiki$ \T1/ptm/
m/n/10 and the REST-ful API doc-u-men-ta-tion $\T1/pcr/m/n/10 http :
(/usr/share/texlive/texmf-dist/tex/latex/base/utf8.def) [19]
(/usr/share/texlive/texmf-dist/tex/latex/base/utf8.def) [20]
Overfull \hbox (17.94914pt too wide) in paragraph at lines 1135--1138
[]$\T1/pcr/m/n/10 https : / / github . com / opencb / cellbase / wiki$ \T1/ptm/
m/n/10 and the REST-ful API doc-u-men-ta-tion $\T1/pcr/m/n/10 http :
(/usr/share/texlive/texmf-dist/tex/latex/base/utf8.def)
(/usr/share/texlive/texmf-dist/tex/latex/base/utf8.def) [21]
Overfull \hbox (17.94914pt too wide) in paragraph at lines 1219--1222
[]$\T1/pcr/m/n/10 https : / / github . com / opencb / cellbase / wiki$ \T1/ptm/
m/n/10 and the REST-ful API doc-u-men-ta-tion $\T1/pcr/m/n/10 http :

Overfull \hbox (4.38043pt too wide) in paragraph at lines 1227--1227
 []   \T1/pcr/m/n/9 res <- getTranscript(object=cb, ids="ENST00000373644", reso
urce="info")[] 
(/usr/share/texlive/texmf-dist/tex/latex/base/utf8.def) [22]
(/usr/share/texlive/texmf-dist/tex/latex/base/utf8.def) [23]
Overfull \hbox (17.94914pt too wide) in paragraph at lines 1306--1309
[]$\T1/pcr/m/n/10 https : / / github . com / opencb / cellbase / wiki$ \T1/ptm/
m/n/10 and the REST-ful API doc-u-men-ta-tion $\T1/pcr/m/n/10 http :

Overfull \hbox (20.58041pt too wide) in paragraph at lines 1314--1314
 []   \T1/pcr/m/n/9 res <- getVariant(object=cb, ids="19:45411941:T:C", resourc
e="annotation")[] 
(/usr/share/texlive/texmf-dist/tex/latex/base/utf8.def)
(/usr/share/texlive/texmf-dist/tex/latex/base/utf8.def) [24]
Overfull \hbox (17.94914pt too wide) in paragraph at lines 1392--1395
[]$\T1/pcr/m/n/10 https : / / github . com / opencb / cellbase / wiki$ \T1/ptm/
m/n/10 and the REST-ful API doc-u-men-ta-tion $\T1/pcr/m/n/10 http :
[25] (./Rd2.aux) )
(see the transcript file for additional information){/usr/share/texlive/texmf-d
ist/fonts/enc/dvips/base/8r.enc}</usr/share/texlive/texmf-dist/fonts/type1/urw/
courier/ucrr8a.pfb></usr/share/texlive/texmf-dist/fonts/type1/urw/helvetic/uhvr
8a.pfb></usr/share/texlive/texmf-dist/fonts/type1/urw/times/utmb8a.pfb></usr/sh
are/texlive/texmf-dist/fonts/type1/urw/times/utmr8a.pfb></usr/share/texlive/tex
mf-dist/fonts/type1/urw/times/utmr8a.pfb></usr/share/texlive/texmf-dist/fonts/t
ype1/urw/times/utmri8a.pfb>
Output written on Rd2.pdf (25 pages, 103545 bytes).
Transcript written on Rd2.log.
Saving output to ‘cellbaseR-manual.pdf’ ...
Done
You may want to clean up by 'rm -rf /tmp/RtmpetHAwh/Rd2pdf25e86b3d431c'
